<?xml version='1.0' encoding='UTF-8'?>
<testsuite hostname="PinkyUSB" name="br.unb.cic.ed.TestList" tests="13" errors="0" failures="0" skipped="0" time="0.198">
                     <properties>
[...]
</properties>
                     <testcase classname="br.unb.cic.ed.TestList" name="A List should have size == 0 before inserting any element" time="0.107">
                                                 
                                               </testcase><testcase classname="br.unb.cic.ed.TestList" name="A List should have size == 1 after inserting one element" time="0.02">
                                                 
                                               </testcase><testcase classname="br.unb.cic.ed.TestList" name="A List should have size == 3 after inserting three elements" time="0.001">
                                                 
                                               </testcase><testcase classname="br.unb.cic.ed.TestList" name="A List should should keep the list of inserted values" time="0.002">
                                                 
                                               </testcase><testcase classname="br.unb.cic.ed.TestList" name="A List should return Some(1) when we call find(1000) in the list [100, 1000, 10000]" time="0.003">
                                                 
                                               </testcase><testcase classname="br.unb.cic.ed.TestList" name="A List should throw InvalidArgument when we call insert(1, 1) on an empty list" time="0.011">
                                                 
                                               </testcase><testcase classname="br.unb.cic.ed.TestList" name="A List should throw InvalidArgument when we call insert(4, 4) on a list with values [1,3,4]" time="0.003">
                                                 
                                               </testcase><testcase classname="br.unb.cic.ed.TestList" name="insert(1,20) = [10,20,30,40]" time="0.002">
                                                 
                                               </testcase><testcase classname="br.unb.cic.ed.TestList" name="remove(2) = [1,2,3]" time="0.011">
                                                 
                                               </testcase><testcase classname="br.unb.cic.ed.TestList" name="A List should have the value [10, 30] after removing the second element (idx = 1) in the list [10, 20, 30]" time="0.002">
                                                 
                                               </testcase><testcase classname="br.unb.cic.ed.TestList" name="A List should the value 30 should not appear after removing the third element (idx = 2) in the list [10, 20, 30]" time="0.003">
                                                 
                                               </testcase><testcase classname="br.unb.cic.ed.TestList" name="addAll([6, 7, 8])" time="0.017">
                                                 
                                               </testcase><testcase classname="br.unb.cic.ed.TestList" name="addAll[c3, c4]]" time="0.016">
                                                 
                                               </testcase>
                     <system-out><![CDATA[]]></system-out>
                     <system-err><![CDATA[]]></system-err>
                   </testsuite>