<?xml version='1.0' encoding='UTF-8'?>
<testsuite hostname="PinkyUSB" name="br.unb.cic.ed.TestStack" tests="5" errors="0" failures="0" skipped="0" time="0.127">
                     <properties>
[...]
</properties>
                     <testcase classname="br.unb.cic.ed.TestStack" name="A Stack should have size == 0 before stacking any element" time="0.094">
                                                 
                                               </testcase><testcase classname="br.unb.cic.ed.TestStack" name="A Stack should have size == 3 after stacking 3 elements" time="0.006">
                                                 
                                               </testcase><testcase classname="br.unb.cic.ed.TestStack" name="A Stack should return Some(10) after stacking the following elements: 30,20,10; and popping once" time="0.002">
                                                 
                                               </testcase><testcase classname="br.unb.cic.ed.TestStack" name="A Stack should should return None when we call pop() on an empty stack" time="0.001">
                                                 
                                               </testcase><testcase classname="br.unb.cic.ed.TestStack" name="A Stack should throw InvalidArgument when we call push(1) on an full stack" time="0.024">
                                                 
                                               </testcase>
                     <system-out><![CDATA[]]></system-out>
                     <system-err><![CDATA[]]></system-err>
                   </testsuite>